<?xml version="1.0" encoding="UTF-8"?>
<testng-results skipped="0" failed="0" ignored="0" total="22" passed="22">
  <reporter-output>
  </reporter-output>
  <suite name="Default suite" duration-ms="1049" started-at="2019-08-26T10:29:11Z" finished-at="2019-08-26T10:29:12Z">
    <groups>
    </groups>
    <test name="Default test" duration-ms="1049" started-at="2019-08-26T10:29:11Z" finished-at="2019-08-26T10:29:12Z">
      <class name="ATMECS.XLSX_Test.AppTest">
        <test-method status="PASS" signature="test1([Ljava.lang.Object;)[pri:0, instance:ATMECS.XLSX_Test.AppTest@2ef5e5e3]" name="test1" duration-ms="17" started-at="2019-08-26T10:29:12Z" data-provider="Dataprovider" finished-at="2019-08-26T10:29:12Z">
          <params>
            <param index="0">
              <value>
                <![CDATA[[Ljava.lang.Object;@397fbdb]]>
              </value>
            </param>
          </params>
          <reporter-output>
          </reporter-output>
        </test-method> <!-- test1 -->
        <test-method status="PASS" signature="test1([Ljava.lang.Object;)[pri:0, instance:ATMECS.XLSX_Test.AppTest@2ef5e5e3]" name="test1" duration-ms="2" started-at="2019-08-26T10:29:12Z" data-provider="Dataprovider" finished-at="2019-08-26T10:29:12Z">
          <params>
            <param index="0">
              <value>
                <![CDATA[[Ljava.lang.Object;@33d512c1]]>
              </value>
            </param>
          </params>
          <reporter-output>
          </reporter-output>
        </test-method> <!-- test1 -->
        <test-method status="PASS" signature="test1([Ljava.lang.Object;)[pri:0, instance:ATMECS.XLSX_Test.AppTest@2ef5e5e3]" name="test1" duration-ms="2" started-at="2019-08-26T10:29:12Z" data-provider="Dataprovider" finished-at="2019-08-26T10:29:12Z">
          <params>
            <param index="0">
              <value>
                <![CDATA[[Ljava.lang.Object;@515c6049]]>
              </value>
            </param>
          </params>
          <reporter-output>
          </reporter-output>
        </test-method> <!-- test1 -->
        <test-method status="PASS" signature="test1([Ljava.lang.Object;)[pri:0, instance:ATMECS.XLSX_Test.AppTest@2ef5e5e3]" name="test1" duration-ms="1" started-at="2019-08-26T10:29:12Z" data-provider="Dataprovider" finished-at="2019-08-26T10:29:12Z">
          <params>
            <param index="0">
              <value>
                <![CDATA[[Ljava.lang.Object;@639c2c1d]]>
              </value>
            </param>
          </params>
          <reporter-output>
          </reporter-output>
        </test-method> <!-- test1 -->
        <test-method status="PASS" signature="test1([Ljava.lang.Object;)[pri:0, instance:ATMECS.XLSX_Test.AppTest@2ef5e5e3]" name="test1" duration-ms="1" started-at="2019-08-26T10:29:12Z" data-provider="Dataprovider" finished-at="2019-08-26T10:29:12Z">
          <params>
            <param index="0">
              <value>
                <![CDATA[[Ljava.lang.Object;@5fe94a96]]>
              </value>
            </param>
          </params>
          <reporter-output>
          </reporter-output>
        </test-method> <!-- test1 -->
        <test-method status="PASS" signature="test1([Ljava.lang.Object;)[pri:0, instance:ATMECS.XLSX_Test.AppTest@2ef5e5e3]" name="test1" duration-ms="1" started-at="2019-08-26T10:29:12Z" data-provider="Dataprovider" finished-at="2019-08-26T10:29:12Z">
          <params>
            <param index="0">
              <value>
                <![CDATA[[Ljava.lang.Object;@443118b0]]>
              </value>
            </param>
          </params>
          <reporter-output>
          </reporter-output>
        </test-method> <!-- test1 -->
        <test-method status="PASS" signature="test1([Ljava.lang.Object;)[pri:0, instance:ATMECS.XLSX_Test.AppTest@2ef5e5e3]" name="test1" duration-ms="1" started-at="2019-08-26T10:29:12Z" data-provider="Dataprovider" finished-at="2019-08-26T10:29:12Z">
          <params>
            <param index="0">
              <value>
                <![CDATA[[Ljava.lang.Object;@765d7657]]>
              </value>
            </param>
          </params>
          <reporter-output>
          </reporter-output>
        </test-method> <!-- test1 -->
        <test-method status="PASS" signature="test1([Ljava.lang.Object;)[pri:0, instance:ATMECS.XLSX_Test.AppTest@2ef5e5e3]" name="test1" duration-ms="1" started-at="2019-08-26T10:29:12Z" data-provider="Dataprovider" finished-at="2019-08-26T10:29:12Z">
          <params>
            <param index="0">
              <value>
                <![CDATA[[Ljava.lang.Object;@74235045]]>
              </value>
            </param>
          </params>
          <reporter-output>
          </reporter-output>
        </test-method> <!-- test1 -->
        <test-method status="PASS" signature="test1([Ljava.lang.Object;)[pri:0, instance:ATMECS.XLSX_Test.AppTest@2ef5e5e3]" name="test1" duration-ms="2" started-at="2019-08-26T10:29:12Z" data-provider="Dataprovider" finished-at="2019-08-26T10:29:12Z">
          <params>
            <param index="0">
              <value>
                <![CDATA[[Ljava.lang.Object;@618b19ad]]>
              </value>
            </param>
          </params>
          <reporter-output>
          </reporter-output>
        </test-method> <!-- test1 -->
        <test-method status="PASS" signature="test1([Ljava.lang.Object;)[pri:0, instance:ATMECS.XLSX_Test.AppTest@2ef5e5e3]" name="test1" duration-ms="2" started-at="2019-08-26T10:29:12Z" data-provider="Dataprovider" finished-at="2019-08-26T10:29:12Z">
          <params>
            <param index="0">
              <value>
                <![CDATA[[Ljava.lang.Object;@2d3379b4]]>
              </value>
            </param>
          </params>
          <reporter-output>
          </reporter-output>
        </test-method> <!-- test1 -->
        <test-method status="PASS" signature="test1([Ljava.lang.Object;)[pri:0, instance:ATMECS.XLSX_Test.AppTest@2ef5e5e3]" name="test1" duration-ms="2" started-at="2019-08-26T10:29:12Z" data-provider="Dataprovider" finished-at="2019-08-26T10:29:12Z">
          <params>
            <param index="0">
              <value>
                <![CDATA[[Ljava.lang.Object;@30c15d8b]]>
              </value>
            </param>
          </params>
          <reporter-output>
          </reporter-output>
        </test-method> <!-- test1 -->
        <test-method status="PASS" signature="test1([Ljava.lang.Object;)[pri:0, instance:ATMECS.XLSX_Test.AppTest@2ef5e5e3]" name="test1" duration-ms="3" started-at="2019-08-26T10:29:12Z" data-provider="Dataprovider" finished-at="2019-08-26T10:29:12Z">
          <params>
            <param index="0">
              <value>
                <![CDATA[[Ljava.lang.Object;@5e0e82ae]]>
              </value>
            </param>
          </params>
          <reporter-output>
          </reporter-output>
        </test-method> <!-- test1 -->
        <test-method status="PASS" signature="test1([Ljava.lang.Object;)[pri:0, instance:ATMECS.XLSX_Test.AppTest@2ef5e5e3]" name="test1" duration-ms="3" started-at="2019-08-26T10:29:12Z" data-provider="Dataprovider" finished-at="2019-08-26T10:29:12Z">
          <params>
            <param index="0">
              <value>
                <![CDATA[[Ljava.lang.Object;@6771beb3]]>
              </value>
            </param>
          </params>
          <reporter-output>
          </reporter-output>
        </test-method> <!-- test1 -->
        <test-method status="PASS" signature="test1([Ljava.lang.Object;)[pri:0, instance:ATMECS.XLSX_Test.AppTest@2ef5e5e3]" name="test1" duration-ms="2" started-at="2019-08-26T10:29:12Z" data-provider="Dataprovider" finished-at="2019-08-26T10:29:12Z">
          <params>
            <param index="0">
              <value>
                <![CDATA[[Ljava.lang.Object;@51399530]]>
              </value>
            </param>
          </params>
          <reporter-output>
          </reporter-output>
        </test-method> <!-- test1 -->
        <test-method status="PASS" signature="test1([Ljava.lang.Object;)[pri:0, instance:ATMECS.XLSX_Test.AppTest@2ef5e5e3]" name="test1" duration-ms="1" started-at="2019-08-26T10:29:12Z" data-provider="Dataprovider" finished-at="2019-08-26T10:29:12Z">
          <params>
            <param index="0">
              <value>
                <![CDATA[[Ljava.lang.Object;@6b2ea799]]>
              </value>
            </param>
          </params>
          <reporter-output>
          </reporter-output>
        </test-method> <!-- test1 -->
        <test-method status="PASS" signature="test1([Ljava.lang.Object;)[pri:0, instance:ATMECS.XLSX_Test.AppTest@2ef5e5e3]" name="test1" duration-ms="3" started-at="2019-08-26T10:29:12Z" data-provider="Dataprovider" finished-at="2019-08-26T10:29:12Z">
          <params>
            <param index="0">
              <value>
                <![CDATA[[Ljava.lang.Object;@411f53a0]]>
              </value>
            </param>
          </params>
          <reporter-output>
          </reporter-output>
        </test-method> <!-- test1 -->
        <test-method status="PASS" signature="test1([Ljava.lang.Object;)[pri:0, instance:ATMECS.XLSX_Test.AppTest@2ef5e5e3]" name="test1" duration-ms="1" started-at="2019-08-26T10:29:12Z" data-provider="Dataprovider" finished-at="2019-08-26T10:29:12Z">
          <params>
            <param index="0">
              <value>
                <![CDATA[[Ljava.lang.Object;@2b71e916]]>
              </value>
            </param>
          </params>
          <reporter-output>
          </reporter-output>
        </test-method> <!-- test1 -->
        <test-method status="PASS" signature="test1([Ljava.lang.Object;)[pri:0, instance:ATMECS.XLSX_Test.AppTest@2ef5e5e3]" name="test1" duration-ms="2" started-at="2019-08-26T10:29:12Z" data-provider="Dataprovider" finished-at="2019-08-26T10:29:12Z">
          <params>
            <param index="0">
              <value>
                <![CDATA[[Ljava.lang.Object;@36fc695d]]>
              </value>
            </param>
          </params>
          <reporter-output>
          </reporter-output>
        </test-method> <!-- test1 -->
        <test-method status="PASS" signature="test1([Ljava.lang.Object;)[pri:0, instance:ATMECS.XLSX_Test.AppTest@2ef5e5e3]" name="test1" duration-ms="1" started-at="2019-08-26T10:29:12Z" data-provider="Dataprovider" finished-at="2019-08-26T10:29:12Z">
          <params>
            <param index="0">
              <value>
                <![CDATA[[Ljava.lang.Object;@28701274]]>
              </value>
            </param>
          </params>
          <reporter-output>
          </reporter-output>
        </test-method> <!-- test1 -->
        <test-method status="PASS" signature="test1([Ljava.lang.Object;)[pri:0, instance:ATMECS.XLSX_Test.AppTest@2ef5e5e3]" name="test1" duration-ms="1" started-at="2019-08-26T10:29:12Z" data-provider="Dataprovider" finished-at="2019-08-26T10:29:12Z">
          <params>
            <param index="0">
              <value>
                <![CDATA[[Ljava.lang.Object;@13c9d689]]>
              </value>
            </param>
          </params>
          <reporter-output>
          </reporter-output>
        </test-method> <!-- test1 -->
        <test-method status="PASS" signature="test1([Ljava.lang.Object;)[pri:0, instance:ATMECS.XLSX_Test.AppTest@2ef5e5e3]" name="test1" duration-ms="2" started-at="2019-08-26T10:29:12Z" data-provider="Dataprovider" finished-at="2019-08-26T10:29:12Z">
          <params>
            <param index="0">
              <value>
                <![CDATA[[Ljava.lang.Object;@3754a4bf]]>
              </value>
            </param>
          </params>
          <reporter-output>
          </reporter-output>
        </test-method> <!-- test1 -->
        <test-method status="PASS" signature="test1([Ljava.lang.Object;)[pri:0, instance:ATMECS.XLSX_Test.AppTest@2ef5e5e3]" name="test1" duration-ms="2" started-at="2019-08-26T10:29:12Z" data-provider="Dataprovider" finished-at="2019-08-26T10:29:12Z">
          <params>
            <param index="0">
              <value>
                <![CDATA[[Ljava.lang.Object;@62379589]]>
              </value>
            </param>
          </params>
          <reporter-output>
          </reporter-output>
        </test-method> <!-- test1 -->
      </class> <!-- ATMECS.XLSX_Test.AppTest -->
    </test> <!-- Default test -->
  </suite> <!-- Default suite -->
</testng-results>
